{"/Users/cicige/Desktop/scottyLabs/CMUCalScottyLabs/src/components/Dropdown.tsx": {"path":"/Users/cicige/Desktop/scottyLabs/CMUCalScottyLabs/src/components/Dropdown.tsx","statementMap":{"0":{"start":{"line":5,"column":17},"end":{"line":33,"column":null}},"1":{"start":{"line":6,"column":25},"end":{"line":6,"column":null}},"2":{"start":{"line":8,"column":20},"end":{"line":10,"column":null}},"3":{"start":{"line":9,"column":2},"end":{"line":9,"column":null}},"4":{"start":{"line":12,"column":1},"end":{"line":31,"column":null}},"5":{"start":{"line":20,"column":6},"end":{"line":27,"column":null}},"6":{"start":{"line":23,"column":9},"end":{"line":23,"column":null}},"7":{"start":{"line":24,"column":9},"end":{"line":24,"column":null}}},"fnMap":{"0":{"name":"(anonymous_0)","decl":{"start":{"line":5,"column":17},"end":{"line":5,"column":18}},"loc":{"start":{"line":5,"column":40},"end":{"line":33,"column":null}}},"1":{"name":"(anonymous_1)","decl":{"start":{"line":8,"column":20},"end":{"line":8,"column":26}},"loc":{"start":{"line":8,"column":26},"end":{"line":10,"column":null}}},"2":{"name":"(anonymous_2)","decl":{"start":{"line":19,"column":15},"end":{"line":19,"column":16}},"loc":{"start":{"line":20,"column":6},"end":{"line":27,"column":null}}},"3":{"name":"(anonymous_3)","decl":{"start":{"line":22,"column":17},"end":{"line":22,"column":23}},"loc":{"start":{"line":22,"column":23},"end":{"line":25,"column":null}}}},"branchMap":{"0":{"loc":{"start":{"line":17,"column":4},"end":{"line":30,"column":null}},"type":"cond-expr","locations":[{"start":{"line":18,"column":4},"end":{"line":29,"column":null}},{"start":{"line":30,"column":7},"end":{"line":30,"column":null}}]}},"s":{"0":0,"1":0,"2":0,"3":0,"4":0,"5":0,"6":0,"7":0},"f":{"0":0,"1":0,"2":0,"3":0},"b":{"0":[0,0]}}
,"/Users/cicige/Desktop/scottyLabs/CMUCalScottyLabs/src/components/MyCalendar.tsx": {"path":"/Users/cicige/Desktop/scottyLabs/CMUCalScottyLabs/src/components/MyCalendar.tsx","statementMap":{"0":{"start":{"line":5,"column":16},"end":{"line":5,"column":null}},"1":{"start":{"line":6,"column":18},"end":{"line":16,"column":null}},"2":{"start":{"line":18,"column":15},"end":{"line":31,"column":null}},"3":{"start":{"line":33,"column":17},"end":{"line":33,"column":null}},"4":{"start":{"line":36,"column":2},"end":{"line":42,"column":null}}},"fnMap":{"0":{"name":"MyCalendar","decl":{"start":{"line":35,"column":9},"end":{"line":35,"column":22}},"loc":{"start":{"line":35,"column":22},"end":{"line":44,"column":null}}}},"branchMap":{},"s":{"0":0,"1":0,"2":0,"3":0,"4":0},"f":{"0":0},"b":{}}
,"/Users/cicige/Desktop/scottyLabs/CMUCalScottyLabs/src/components/Navbar.tsx": {"path":"/Users/cicige/Desktop/scottyLabs/CMUCalScottyLabs/src/components/Navbar.tsx","statementMap":{"0":{"start":{"line":18,"column":46},"end":{"line":40,"column":null}},"1":{"start":{"line":24,"column":24},"end":{"line":24,"column":null}},"2":{"start":{"line":26,"column":2},"end":{"line":38,"column":null}},"3":{"start":{"line":42,"column":25},"end":{"line":123,"column":null}},"4":{"start":{"line":43,"column":28},"end":{"line":43,"column":null}},"5":{"start":{"line":44,"column":30},"end":{"line":44,"column":null}},"6":{"start":{"line":46,"column":22},"end":{"line":46,"column":null}},"7":{"start":{"line":46,"column":28},"end":{"line":46,"column":null}},"8":{"start":{"line":47,"column":26},"end":{"line":47,"column":null}},"9":{"start":{"line":47,"column":32},"end":{"line":47,"column":null}},"10":{"start":{"line":49,"column":21},"end":{"line":57,"column":null}},"11":{"start":{"line":50,"column":4},"end":{"line":50,"column":null}},"12":{"start":{"line":51,"column":4},"end":{"line":56,"column":null}},"13":{"start":{"line":52,"column":6},"end":{"line":52,"column":null}},"14":{"start":{"line":54,"column":6},"end":{"line":54,"column":null}},"15":{"start":{"line":55,"column":6},"end":{"line":55,"column":null}},"16":{"start":{"line":59,"column":2},"end":{"line":65,"column":null}},"17":{"start":{"line":60,"column":4},"end":{"line":60,"column":null}},"18":{"start":{"line":62,"column":4},"end":{"line":64,"column":null}},"19":{"start":{"line":63,"column":6},"end":{"line":63,"column":null}},"20":{"start":{"line":67,"column":2},"end":{"line":121,"column":null}}},"fnMap":{"0":{"name":"(anonymous_0)","decl":{"start":{"line":18,"column":46},"end":{"line":18,"column":47}},"loc":{"start":{"line":23,"column":6},"end":{"line":40,"column":null}}},"1":{"name":"(anonymous_1)","decl":{"start":{"line":42,"column":25},"end":{"line":42,"column":31}},"loc":{"start":{"line":42,"column":31},"end":{"line":123,"column":null}}},"2":{"name":"(anonymous_2)","decl":{"start":{"line":46,"column":22},"end":{"line":46,"column":28}},"loc":{"start":{"line":46,"column":28},"end":{"line":46,"column":null}}},"3":{"name":"(anonymous_3)","decl":{"start":{"line":47,"column":26},"end":{"line":47,"column":32}},"loc":{"start":{"line":47,"column":32},"end":{"line":47,"column":null}}},"4":{"name":"(anonymous_4)","decl":{"start":{"line":49,"column":21},"end":{"line":49,"column":27}},"loc":{"start":{"line":49,"column":27},"end":{"line":57,"column":null}}},"5":{"name":"(anonymous_5)","decl":{"start":{"line":59,"column":12},"end":{"line":59,"column":18}},"loc":{"start":{"line":59,"column":18},"end":{"line":65,"column":5}}},"6":{"name":"(anonymous_6)","decl":{"start":{"line":62,"column":11},"end":{"line":62,"column":17}},"loc":{"start":{"line":62,"column":17},"end":{"line":64,"column":null}}}},"branchMap":{"0":{"loc":{"start":{"line":33,"column":7},"end":{"line":36,"column":null}},"type":"binary-expr","locations":[{"start":{"line":33,"column":7},"end":{"line":33,"column":null}},{"start":{"line":34,"column":8},"end":{"line":36,"column":null}}]},"1":{"loc":{"start":{"line":51,"column":4},"end":{"line":56,"column":null}},"type":"if","locations":[{"start":{"line":51,"column":4},"end":{"line":56,"column":null}},{"start":{"line":53,"column":11},"end":{"line":56,"column":null}}]}},"s":{"0":0,"1":0,"2":0,"3":0,"4":0,"5":0,"6":0,"7":0,"8":0,"9":0,"10":0,"11":0,"12":0,"13":0,"14":0,"15":0,"16":0,"17":0,"18":0,"19":0,"20":0},"f":{"0":0,"1":0,"2":0,"3":0,"4":0,"5":0,"6":0},"b":{"0":[0,0],"1":[0,0]}}
,"/Users/cicige/Desktop/scottyLabs/CMUCalScottyLabs/src/components/Search.tsx": {"path":"/Users/cicige/Desktop/scottyLabs/CMUCalScottyLabs/src/components/Search.tsx","statementMap":{"0":{"start":{"line":25,"column":30},"end":{"line":30,"column":null}},"1":{"start":{"line":32,"column":26},"end":{"line":40,"column":null}},"2":{"start":{"line":42,"column":27},"end":{"line":51,"column":null}},"3":{"start":{"line":57,"column":47},"end":{"line":244,"column":null}},"4":{"start":{"line":59,"column":40},"end":{"line":59,"column":null}},"5":{"start":{"line":60,"column":42},"end":{"line":60,"column":null}},"6":{"start":{"line":62,"column":36},"end":{"line":62,"column":null}},"7":{"start":{"line":63,"column":32},"end":{"line":63,"column":null}},"8":{"start":{"line":64,"column":29},"end":{"line":67,"column":null}},"9":{"start":{"line":65,"column":4},"end":{"line":65,"column":null}},"10":{"start":{"line":66,"column":4},"end":{"line":66,"column":null}},"11":{"start":{"line":69,"column":25},"end":{"line":69,"column":null}},"12":{"start":{"line":71,"column":31},"end":{"line":81,"column":null}},"13":{"start":{"line":74,"column":8},"end":{"line":74,"column":null}},"14":{"start":{"line":77,"column":4},"end":{"line":80,"column":null}},"15":{"start":{"line":84,"column":22},"end":{"line":84,"column":null}},"16":{"start":{"line":85,"column":27},"end":{"line":85,"column":null}},"17":{"start":{"line":86,"column":20},"end":{"line":93,"column":null}},"18":{"start":{"line":96,"column":4},"end":{"line":136,"column":null}},"19":{"start":{"line":105,"column":12},"end":{"line":107,"column":null}},"20":{"start":{"line":106,"column":14},"end":{"line":106,"column":null}},"21":{"start":{"line":108,"column":12},"end":{"line":108,"column":null}},"22":{"start":{"line":118,"column":10},"end":{"line":121,"column":null}},"23":{"start":{"line":124,"column":10},"end":{"line":127,"column":null}},"24":{"start":{"line":130,"column":10},"end":{"line":133,"column":null}},"25":{"start":{"line":142,"column":22},"end":{"line":145,"column":null}},"26":{"start":{"line":143,"column":4},"end":{"line":143,"column":null}},"27":{"start":{"line":144,"column":4},"end":{"line":144,"column":null}},"28":{"start":{"line":147,"column":20},"end":{"line":150,"column":null}},"29":{"start":{"line":148,"column":4},"end":{"line":148,"column":null}},"30":{"start":{"line":149,"column":4},"end":{"line":149,"column":null}},"31":{"start":{"line":154,"column":2},"end":{"line":180,"column":null}},"32":{"start":{"line":155,"column":4},"end":{"line":178,"column":null}},"33":{"start":{"line":162,"column":14},"end":{"line":162,"column":null}},"34":{"start":{"line":172,"column":14},"end":{"line":172,"column":null}},"35":{"start":{"line":183,"column":21},"end":{"line":183,"column":null}},"36":{"start":{"line":184,"column":19},"end":{"line":184,"column":null}},"37":{"start":{"line":185,"column":21},"end":{"line":185,"column":null}},"38":{"start":{"line":186,"column":21},"end":{"line":186,"column":null}},"39":{"start":{"line":187,"column":19},"end":{"line":187,"column":null}},"40":{"start":{"line":188,"column":19},"end":{"line":188,"column":null}},"41":{"start":{"line":189,"column":20},"end":{"line":189,"column":null}},"42":{"start":{"line":192,"column":2},"end":{"line":242,"column":null}}},"fnMap":{"0":{"name":"(anonymous_0)","decl":{"start":{"line":57,"column":47},"end":{"line":57,"column":48}},"loc":{"start":{"line":57,"column":61},"end":{"line":244,"column":null}}},"1":{"name":"(anonymous_1)","decl":{"start":{"line":64,"column":29},"end":{"line":64,"column":30}},"loc":{"start":{"line":64,"column":73},"end":{"line":67,"column":null}}},"2":{"name":"(anonymous_2)","decl":{"start":{"line":71,"column":31},"end":{"line":71,"column":32}},"loc":{"start":{"line":71,"column":82},"end":{"line":81,"column":null}}},"3":{"name":"(anonymous_3)","decl":{"start":{"line":104,"column":23},"end":{"line":104,"column":24}},"loc":{"start":{"line":104,"column":37},"end":{"line":109,"column":null}}},"4":{"name":"(anonymous_4)","decl":{"start":{"line":117,"column":57},"end":{"line":117,"column":58}},"loc":{"start":{"line":118,"column":10},"end":{"line":121,"column":null}}},"5":{"name":"(anonymous_5)","decl":{"start":{"line":123,"column":49},"end":{"line":123,"column":50}},"loc":{"start":{"line":124,"column":10},"end":{"line":127,"column":null}}},"6":{"name":"(anonymous_6)","decl":{"start":{"line":129,"column":51},"end":{"line":129,"column":52}},"loc":{"start":{"line":130,"column":10},"end":{"line":133,"column":null}}},"7":{"name":"(anonymous_7)","decl":{"start":{"line":142,"column":22},"end":{"line":142,"column":23}},"loc":{"start":{"line":142,"column":46},"end":{"line":145,"column":null}}},"8":{"name":"(anonymous_8)","decl":{"start":{"line":147,"column":20},"end":{"line":147,"column":21}},"loc":{"start":{"line":147,"column":44},"end":{"line":150,"column":null}}},"9":{"name":"(anonymous_9)","decl":{"start":{"line":161,"column":22},"end":{"line":161,"column":23}},"loc":{"start":{"line":161,"column":32},"end":{"line":163,"column":null}}},"10":{"name":"(anonymous_10)","decl":{"start":{"line":171,"column":22},"end":{"line":171,"column":23}},"loc":{"start":{"line":171,"column":32},"end":{"line":173,"column":null}}}},"branchMap":{"0":{"loc":{"start":{"line":79,"column":6},"end":{"line":79,"column":null}},"type":"cond-expr","locations":[{"start":{"line":79,"column":34},"end":{"line":79,"column":53}},{"start":{"line":79,"column":53},"end":{"line":79,"column":null}}]},"1":{"loc":{"start":{"line":105,"column":12},"end":{"line":107,"column":null}},"type":"if","locations":[{"start":{"line":105,"column":12},"end":{"line":107,"column":null}},{"start":{"line":105,"column":12},"end":{"line":107,"column":null}}]},"2":{"loc":{"start":{"line":117,"column":9},"end":{"line":122,"column":null}},"type":"binary-expr","locations":[{"start":{"line":117,"column":9},"end":{"line":117,"column":31}},{"start":{"line":117,"column":31},"end":{"line":122,"column":null}}]},"3":{"loc":{"start":{"line":123,"column":9},"end":{"line":128,"column":null}},"type":"binary-expr","locations":[{"start":{"line":123,"column":9},"end":{"line":123,"column":27}},{"start":{"line":123,"column":27},"end":{"line":128,"column":null}}]},"4":{"loc":{"start":{"line":129,"column":9},"end":{"line":134,"column":null}},"type":"binary-expr","locations":[{"start":{"line":129,"column":9},"end":{"line":129,"column":28}},{"start":{"line":129,"column":28},"end":{"line":134,"column":null}}]},"5":{"loc":{"start":{"line":154,"column":2},"end":{"line":180,"column":null}},"type":"if","locations":[{"start":{"line":154,"column":2},"end":{"line":180,"column":null}},{"start":{"line":154,"column":2},"end":{"line":180,"column":null}}]},"6":{"loc":{"start":{"line":210,"column":12},"end":{"line":213,"column":null}},"type":"cond-expr","locations":[{"start":{"line":211,"column":12},"end":{"line":211,"column":null}},{"start":{"line":213,"column":12},"end":{"line":213,"column":null}}]},"7":{"loc":{"start":{"line":210,"column":12},"end":{"line":210,"column":null}},"type":"binary-expr","locations":[{"start":{"line":210,"column":12},"end":{"line":210,"column":36}},{"start":{"line":210,"column":36},"end":{"line":210,"column":56}},{"start":{"line":210,"column":56},"end":{"line":210,"column":null}}]}},"s":{"0":0,"1":0,"2":0,"3":0,"4":0,"5":0,"6":0,"7":0,"8":0,"9":0,"10":0,"11":0,"12":0,"13":0,"14":0,"15":0,"16":0,"17":0,"18":0,"19":0,"20":0,"21":0,"22":0,"23":0,"24":0,"25":0,"26":0,"27":0,"28":0,"29":0,"30":0,"31":0,"32":0,"33":0,"34":0,"35":0,"36":0,"37":0,"38":0,"39":0,"40":0,"41":0,"42":0},"f":{"0":0,"1":0,"2":0,"3":0,"4":0,"5":0,"6":0,"7":0,"8":0,"9":0,"10":0},"b":{"0":[0,0],"1":[0,0],"2":[0,0],"3":[0,0],"4":[0,0],"5":[0,0],"6":[0,0],"7":[0,0,0]}}
,"/Users/cicige/Desktop/scottyLabs/CMUCalScottyLabs/src/components/SearchCard.tsx": {"path":"/Users/cicige/Desktop/scottyLabs/CMUCalScottyLabs/src/components/SearchCard.tsx","statementMap":{"0":{"start":{"line":17,"column":46},"end":{"line":75,"column":null}},"1":{"start":{"line":28,"column":44},"end":{"line":28,"column":null}},"2":{"start":{"line":30,"column":30},"end":{"line":33,"column":null}},"3":{"start":{"line":31,"column":4},"end":{"line":31,"column":null}},"4":{"start":{"line":31,"column":38},"end":{"line":31,"column":50}},"5":{"start":{"line":35,"column":2},"end":{"line":73,"column":null}}},"fnMap":{"0":{"name":"(anonymous_0)","decl":{"start":{"line":17,"column":46},"end":{"line":17,"column":47}},"loc":{"start":{"line":27,"column":6},"end":{"line":75,"column":null}}},"1":{"name":"(anonymous_1)","decl":{"start":{"line":30,"column":30},"end":{"line":30,"column":36}},"loc":{"start":{"line":30,"column":36},"end":{"line":33,"column":null}}},"2":{"name":"(anonymous_2)","decl":{"start":{"line":31,"column":21},"end":{"line":31,"column":22}},"loc":{"start":{"line":31,"column":38},"end":{"line":31,"column":50}}}},"branchMap":{"0":{"loc":{"start":{"line":42,"column":11},"end":{"line":49,"column":null}},"type":"cond-expr","locations":[{"start":{"line":43,"column":12},"end":{"line":45,"column":null}},{"start":{"line":47,"column":12},"end":{"line":49,"column":null}}]},"1":{"loc":{"start":{"line":60,"column":12},"end":{"line":60,"column":null}},"type":"cond-expr","locations":[{"start":{"line":60,"column":28},"end":{"line":60,"column":51}},{"start":{"line":60,"column":51},"end":{"line":60,"column":null}}]},"2":{"loc":{"start":{"line":65,"column":11},"end":{"line":68,"column":null}},"type":"cond-expr","locations":[{"start":{"line":66,"column":12},"end":{"line":66,"column":null}},{"start":{"line":68,"column":12},"end":{"line":68,"column":null}}]},"3":{"loc":{"start":{"line":70,"column":11},"end":{"line":70,"column":null}},"type":"cond-expr","locations":[{"start":{"line":70,"column":27},"end":{"line":70,"column":37}},{"start":{"line":70,"column":37},"end":{"line":70,"column":null}}]}},"s":{"0":0,"1":0,"2":0,"3":0,"4":0,"5":0},"f":{"0":0,"1":0,"2":0},"b":{"0":[0,0],"1":[0,0],"2":[0,0],"3":[0,0]}}
,"/Users/cicige/Desktop/scottyLabs/CMUCalScottyLabs/src/components/SecondNav.tsx": {"path":"/Users/cicige/Desktop/scottyLabs/CMUCalScottyLabs/src/components/SecondNav.tsx","statementMap":{"0":{"start":{"line":9,"column":52},"end":{"line":22,"column":null}},"1":{"start":{"line":10,"column":2},"end":{"line":20,"column":null}},"2":{"start":{"line":14,"column":8},"end":{"line":16,"column":null}},"3":{"start":{"line":24,"column":28},"end":{"line":42,"column":null}},"4":{"start":{"line":25,"column":2},"end":{"line":40,"column":null}}},"fnMap":{"0":{"name":"(anonymous_0)","decl":{"start":{"line":9,"column":52},"end":{"line":9,"column":53}},"loc":{"start":{"line":9,"column":79},"end":{"line":22,"column":null}}},"1":{"name":"(anonymous_1)","decl":{"start":{"line":13,"column":17},"end":{"line":13,"column":18}},"loc":{"start":{"line":14,"column":8},"end":{"line":16,"column":null}}},"2":{"name":"(anonymous_2)","decl":{"start":{"line":24,"column":28},"end":{"line":24,"column":34}},"loc":{"start":{"line":24,"column":34},"end":{"line":42,"column":null}}}},"branchMap":{"0":{"loc":{"start":{"line":14,"column":8},"end":{"line":16,"column":null}},"type":"cond-expr","locations":[{"start":{"line":15,"column":12},"end":{"line":15,"column":null}},{"start":{"line":16,"column":12},"end":{"line":16,"column":null}}]}},"s":{"0":0,"1":0,"2":0,"3":0,"4":0},"f":{"0":0,"1":0,"2":0},"b":{"0":[0,0]}}
}
